<?xml version="1.0" encoding="UTF-8"?>
<testng-results ignored="0" total="2" passed="2" failed="0" skipped="0">
  <reporter-output>
  </reporter-output>
  <suite started-at="2024-12-19T18:57:40 IST" name="Master Suite" finished-at="2024-12-19T18:57:48 IST" duration-ms="8274">
    <groups>
      <group name="Master">
        <method signature="TC001_AccountRegisterationTest.verify_account_registeration()[pri:0, instance:testCases.TC001_AccountRegisterationTest@7efaad5a]" name="verify_account_registeration" class="testCases.TC001_AccountRegisterationTest"/>
        <method signature="TC002_Login_Test.verify_login()[pri:0, instance:testCases.TC002_Login_Test@5505ae1a]" name="verify_login" class="testCases.TC002_Login_Test"/>
      </group> <!-- Master -->
      <group name="Sanity">
        <method signature="TC002_Login_Test.verify_login()[pri:0, instance:testCases.TC002_Login_Test@5505ae1a]" name="verify_login" class="testCases.TC002_Login_Test"/>
      </group> <!-- Sanity -->
      <group name="Regression">
        <method signature="TC001_AccountRegisterationTest.verify_account_registeration()[pri:0, instance:testCases.TC001_AccountRegisterationTest@7efaad5a]" name="verify_account_registeration" class="testCases.TC001_AccountRegisterationTest"/>
      </group> <!-- Regression -->
    </groups>
    <test started-at="2024-12-19T18:57:40 IST" name="Test" finished-at="2024-12-19T18:57:48 IST" duration-ms="8274">
      <class name="testCases.TC002_Login_Test">
        <test-method is-config="true" signature="setup(java.lang.String,java.lang.String)[pri:0, instance:testCases.TC002_Login_Test@5505ae1a]" started-at="2024-12-19T18:57:45 IST" name="setup" finished-at="2024-12-19T18:57:47 IST" duration-ms="2020" status="PASS">
          <params>
            <param index="0">
              <value>
                <![CDATA[Windows]]>
              </value>
            </param>
            <param index="1">
              <value>
                <![CDATA[chrome]]>
              </value>
            </param>
          </params>
          <reporter-output>
          </reporter-output>
        </test-method> <!-- setup -->
        <test-method signature="verify_login()[pri:0, instance:testCases.TC002_Login_Test@5505ae1a]" started-at="2024-12-19T18:57:47 IST" name="verify_login" finished-at="2024-12-19T18:57:48 IST" duration-ms="1319" status="PASS">
          <reporter-output>
          </reporter-output>
        </test-method> <!-- verify_login -->
        <test-method is-config="true" signature="tearDown()[pri:0, instance:testCases.TC002_Login_Test@5505ae1a]" started-at="2024-12-19T18:57:48 IST" name="tearDown" finished-at="2024-12-19T18:57:48 IST" duration-ms="143" status="PASS">
          <reporter-output>
          </reporter-output>
        </test-method> <!-- tearDown -->
      </class> <!-- testCases.TC002_Login_Test -->
      <class name="testCases.TC001_AccountRegisterationTest">
        <test-method is-config="true" signature="setup(java.lang.String,java.lang.String)[pri:0, instance:testCases.TC001_AccountRegisterationTest@7efaad5a]" started-at="2024-12-19T18:57:40 IST" name="setup" finished-at="2024-12-19T18:57:43 IST" duration-ms="2699" status="PASS">
          <params>
            <param index="0">
              <value>
                <![CDATA[Windows]]>
              </value>
            </param>
            <param index="1">
              <value>
                <![CDATA[chrome]]>
              </value>
            </param>
          </params>
          <reporter-output>
          </reporter-output>
        </test-method> <!-- setup -->
        <test-method signature="verify_account_registeration()[pri:0, instance:testCases.TC001_AccountRegisterationTest@7efaad5a]" started-at="2024-12-19T18:57:43 IST" name="verify_account_registeration" finished-at="2024-12-19T18:57:45 IST" duration-ms="1768" status="PASS">
          <reporter-output>
          </reporter-output>
        </test-method> <!-- verify_account_registeration -->
        <test-method is-config="true" signature="tearDown()[pri:0, instance:testCases.TC001_AccountRegisterationTest@7efaad5a]" started-at="2024-12-19T18:57:45 IST" name="tearDown" finished-at="2024-12-19T18:57:45 IST" duration-ms="132" status="PASS">
          <reporter-output>
          </reporter-output>
        </test-method> <!-- tearDown -->
      </class> <!-- testCases.TC001_AccountRegisterationTest -->
    </test> <!-- Test -->
  </suite> <!-- Master Suite -->
</testng-results>
