<?xml version="1.0" encoding="UTF-8"?>
<testng-results ignored="0" total="2" passed="2" failed="0" skipped="0">
  <reporter-output>
  </reporter-output>
  <suite started-at="2024-12-19T01:27:51 IST" name="Suite" finished-at="2024-12-19T01:28:03 IST" duration-ms="11926">
    <groups>
      <group name="Master">
        <method signature="TC001_AccountRegisterationTest.verify_account_registeration()[pri:0, instance:testCases.TC001_AccountRegisterationTest@1afdd473]" name="verify_account_registeration" class="testCases.TC001_AccountRegisterationTest"/>
        <method signature="TC002_Login_Test.verify_login()[pri:0, instance:testCases.TC002_Login_Test@6a55299e]" name="verify_login" class="testCases.TC002_Login_Test"/>
      </group> <!-- Master -->
      <group name="Sanity">
        <method signature="TC002_Login_Test.verify_login()[pri:0, instance:testCases.TC002_Login_Test@6a55299e]" name="verify_login" class="testCases.TC002_Login_Test"/>
      </group> <!-- Sanity -->
      <group name="Regression">
        <method signature="TC001_AccountRegisterationTest.verify_account_registeration()[pri:0, instance:testCases.TC001_AccountRegisterationTest@1afdd473]" name="verify_account_registeration" class="testCases.TC001_AccountRegisterationTest"/>
      </group> <!-- Regression -->
    </groups>
    <test started-at="2024-12-19T01:27:51 IST" name="Linux-Chrome" finished-at="2024-12-19T01:28:03 IST" duration-ms="11926">
      <class name="testCases.TC002_Login_Test">
        <test-method is-config="true" signature="setup(java.lang.String,java.lang.String)[pri:0, instance:testCases.TC002_Login_Test@6a55299e]" started-at="2024-12-19T01:27:58 IST" name="setup" finished-at="2024-12-19T01:28:01 IST" duration-ms="2746" status="PASS">
          <params>
            <param index="0">
              <value>
                <![CDATA[Linux]]>
              </value>
            </param>
            <param index="1">
              <value>
                <![CDATA[chrome]]>
              </value>
            </param>
          </params>
          <reporter-output>
          </reporter-output>
        </test-method> <!-- setup -->
        <test-method signature="verify_login()[pri:0, instance:testCases.TC002_Login_Test@6a55299e]" started-at="2024-12-19T01:28:01 IST" name="verify_login" finished-at="2024-12-19T01:28:03 IST" duration-ms="2220" status="PASS">
          <reporter-output>
          </reporter-output>
        </test-method> <!-- verify_login -->
        <test-method is-config="true" signature="tearDown()[pri:0, instance:testCases.TC002_Login_Test@6a55299e]" started-at="2024-12-19T01:28:03 IST" name="tearDown" finished-at="2024-12-19T01:28:03 IST" duration-ms="169" status="PASS">
          <reporter-output>
          </reporter-output>
        </test-method> <!-- tearDown -->
      </class> <!-- testCases.TC002_Login_Test -->
      <class name="testCases.TC001_AccountRegisterationTest">
        <test-method is-config="true" signature="setup(java.lang.String,java.lang.String)[pri:0, instance:testCases.TC001_AccountRegisterationTest@1afdd473]" started-at="2024-12-19T01:27:51 IST" name="setup" finished-at="2024-12-19T01:27:55 IST" duration-ms="3338" status="PASS">
          <params>
            <param index="0">
              <value>
                <![CDATA[Linux]]>
              </value>
            </param>
            <param index="1">
              <value>
                <![CDATA[chrome]]>
              </value>
            </param>
          </params>
          <reporter-output>
          </reporter-output>
        </test-method> <!-- setup -->
        <test-method signature="verify_account_registeration()[pri:0, instance:testCases.TC001_AccountRegisterationTest@1afdd473]" started-at="2024-12-19T01:27:55 IST" name="verify_account_registeration" finished-at="2024-12-19T01:27:58 IST" duration-ms="2903" status="PASS">
          <reporter-output>
          </reporter-output>
        </test-method> <!-- verify_account_registeration -->
        <test-method is-config="true" signature="tearDown()[pri:0, instance:testCases.TC001_AccountRegisterationTest@1afdd473]" started-at="2024-12-19T01:27:58 IST" name="tearDown" finished-at="2024-12-19T01:27:58 IST" duration-ms="189" status="PASS">
          <reporter-output>
          </reporter-output>
        </test-method> <!-- tearDown -->
      </class> <!-- testCases.TC001_AccountRegisterationTest -->
    </test> <!-- Linux-Chrome -->
  </suite> <!-- Suite -->
</testng-results>
